Determining if the pthread_create exist failed with the following output:
<<<<<<< HEAD
Change Dir: /home/panda-cool/openGL/VR_project/build/CMakeFiles/CMakeTmp

Run Build Command:"/usr/bin/make" "cmTC_cef6f/fast"
/usr/bin/make -f CMakeFiles/cmTC_cef6f.dir/build.make CMakeFiles/cmTC_cef6f.dir/build
make[1] : on entre dans le répertoire « /home/panda-cool/openGL/VR_project/build/CMakeFiles/CMakeTmp »
Building C object CMakeFiles/cmTC_cef6f.dir/CheckSymbolExists.c.o
/usr/bin/cc     -o CMakeFiles/cmTC_cef6f.dir/CheckSymbolExists.c.o   -c /home/panda-cool/openGL/VR_project/build/CMakeFiles/CMakeTmp/CheckSymbolExists.c
=======
Change Dir: /home/lucas/VR_project/build/CMakeFiles/CMakeTmp

Run Build Command:"/usr/bin/make" "cmTC_cef6f/fast"
/usr/bin/make -f CMakeFiles/cmTC_cef6f.dir/build.make CMakeFiles/cmTC_cef6f.dir/build
make[1] : on entre dans le répertoire « /home/lucas/VR_project/build/CMakeFiles/CMakeTmp »
Building C object CMakeFiles/cmTC_cef6f.dir/CheckSymbolExists.c.o
/usr/bin/cc     -o CMakeFiles/cmTC_cef6f.dir/CheckSymbolExists.c.o   -c /home/lucas/VR_project/build/CMakeFiles/CMakeTmp/CheckSymbolExists.c
>>>>>>> 1e57215b089641099e79fd8f7b0b1f408357cc43
Linking C executable cmTC_cef6f
/usr/bin/cmake -E cmake_link_script CMakeFiles/cmTC_cef6f.dir/link.txt --verbose=1
/usr/bin/cc       CMakeFiles/cmTC_cef6f.dir/CheckSymbolExists.c.o  -o cmTC_cef6f -rdynamic 
CMakeFiles/cmTC_cef6f.dir/CheckSymbolExists.c.o : Dans la fonction « main » :
CheckSymbolExists.c:(.text+0x16) : référence indéfinie vers « pthread_create »
collect2: error: ld returned 1 exit status
CMakeFiles/cmTC_cef6f.dir/build.make:97 : la recette pour la cible « cmTC_cef6f » a échouée
make[1]: *** [cmTC_cef6f] Erreur 1
<<<<<<< HEAD
make[1] : on quitte le répertoire « /home/panda-cool/openGL/VR_project/build/CMakeFiles/CMakeTmp »
Makefile:126 : la recette pour la cible « cmTC_cef6f/fast » a échouée
make: *** [cmTC_cef6f/fast] Erreur 2

File /home/panda-cool/openGL/VR_project/build/CMakeFiles/CMakeTmp/CheckSymbolExists.c:
=======
make[1] : on quitte le répertoire « /home/lucas/VR_project/build/CMakeFiles/CMakeTmp »
Makefile:126 : la recette pour la cible « cmTC_cef6f/fast » a échouée
make: *** [cmTC_cef6f/fast] Erreur 2

File /home/lucas/VR_project/build/CMakeFiles/CMakeTmp/CheckSymbolExists.c:
>>>>>>> 1e57215b089641099e79fd8f7b0b1f408357cc43
/* */
#include <pthread.h>

int main(int argc, char** argv)
{
  (void)argv;
#ifndef pthread_create
  return ((int*)(&pthread_create))[argc];
#else
  (void)argc;
  return 0;
#endif
}

Determining if the function pthread_create exists in the pthreads failed with the following output:
<<<<<<< HEAD
Change Dir: /home/panda-cool/openGL/VR_project/build/CMakeFiles/CMakeTmp

Run Build Command:"/usr/bin/make" "cmTC_0eb70/fast"
/usr/bin/make -f CMakeFiles/cmTC_0eb70.dir/build.make CMakeFiles/cmTC_0eb70.dir/build
make[1] : on entre dans le répertoire « /home/panda-cool/openGL/VR_project/build/CMakeFiles/CMakeTmp »
=======
Change Dir: /home/lucas/VR_project/build/CMakeFiles/CMakeTmp

Run Build Command:"/usr/bin/make" "cmTC_0eb70/fast"
/usr/bin/make -f CMakeFiles/cmTC_0eb70.dir/build.make CMakeFiles/cmTC_0eb70.dir/build
make[1] : on entre dans le répertoire « /home/lucas/VR_project/build/CMakeFiles/CMakeTmp »
>>>>>>> 1e57215b089641099e79fd8f7b0b1f408357cc43
Building C object CMakeFiles/cmTC_0eb70.dir/CheckFunctionExists.c.o
/usr/bin/cc    -DCHECK_FUNCTION_EXISTS=pthread_create   -o CMakeFiles/cmTC_0eb70.dir/CheckFunctionExists.c.o   -c /usr/share/cmake-3.5/Modules/CheckFunctionExists.c
Linking C executable cmTC_0eb70
/usr/bin/cmake -E cmake_link_script CMakeFiles/cmTC_0eb70.dir/link.txt --verbose=1
/usr/bin/cc   -DCHECK_FUNCTION_EXISTS=pthread_create    CMakeFiles/cmTC_0eb70.dir/CheckFunctionExists.c.o  -o cmTC_0eb70 -rdynamic -lpthreads 
/usr/bin/ld : ne peut trouver -lpthreads
collect2: error: ld returned 1 exit status
CMakeFiles/cmTC_0eb70.dir/build.make:97 : la recette pour la cible « cmTC_0eb70 » a échouée
make[1]: *** [cmTC_0eb70] Erreur 1
<<<<<<< HEAD
make[1] : on quitte le répertoire « /home/panda-cool/openGL/VR_project/build/CMakeFiles/CMakeTmp »
=======
make[1] : on quitte le répertoire « /home/lucas/VR_project/build/CMakeFiles/CMakeTmp »
>>>>>>> 1e57215b089641099e79fd8f7b0b1f408357cc43
Makefile:126 : la recette pour la cible « cmTC_0eb70/fast » a échouée
make: *** [cmTC_0eb70/fast] Erreur 2


